<?xml version="1.0" encoding="UTF-8"?>
<testsuite xmlns:xsi="http://www.w3.org/2001/XMLSchema-instance" xsi:noNamespaceSchemaLocation="https://maven.apache.org/surefire/maven-surefire-plugin/xsd/surefire-test-report.xsd" name="TestSuite" time="64.55" tests="1" errors="0" skipped="0" failures="1">
  <properties>
[...]
</properties>
  <testcase name="feature" classname="MyRunner.TestRunner" time="62.281">
    <failure message="org.openqa.selenium.NoSuchElementException: Cannot locate option with value: &lt;shetty1&gt;&#10;For documentation on this error, please visit: http://seleniumhq.org/exceptions/no_such_element.html&#10;Build info: version: &apos;3.11.0&apos;, revision: &apos;e59cfb3&apos;, time: &apos;2018-03-11T20:26:55.152Z&apos;&#10;System info: host: &apos;DESKTOP-8BFIBTM&apos;, ip: &apos;192.168.43.53&apos;, os.name: &apos;Windows 10&apos;, os.arch: &apos;amd64&apos;, os.version: &apos;10.0&apos;, java.version: &apos;1.8.0_281&apos;&#10;Driver info: driver.version: unknown" type="cucumber.runtime.CucumberException"><![CDATA[cucumber.runtime.CucumberException: 
org.openqa.selenium.NoSuchElementException: Cannot locate option with value: <shetty1>
For documentation on this error, please visit: http://seleniumhq.org/exceptions/no_such_element.html
Build info: version: '3.11.0', revision: 'e59cfb3', time: '2018-03-11T20:26:55.152Z'
System info: host: 'DESKTOP-8BFIBTM', ip: '192.168.43.53', os.name: 'Windows 10', os.arch: 'amd64', os.version: '10.0', java.version: '1.8.0_281'
Driver info: driver.version: unknown
	at MyRunner.TestRunner.feature(TestRunner.java:33)
Caused by: org.openqa.selenium.NoSuchElementException: 
Cannot locate option with value: <shetty1>
For documentation on this error, please visit: http://seleniumhq.org/exceptions/no_such_element.html
Build info: version: '3.11.0', revision: 'e59cfb3', time: '2018-03-11T20:26:55.152Z'
System info: host: 'DESKTOP-8BFIBTM', ip: '192.168.43.53', os.name: 'Windows 10', os.arch: 'amd64', os.version: '10.0', java.version: '1.8.0_281'
Driver info: driver.version: unknown
]]></failure>
    <system-out><![CDATA[Feature: As a Trance user, lunch the application

  Scenario Outline: User should lunch the application     &amp#27;[90m# C:/Users/hp/eclipse-workspace/Digital-Nirvana/Trance-Irs/src/main/java/Features/Lunch.feature:3&amp#27;[0m
    &amp#27;[36mGiven &amp#27;[0m&amp#27;[36mopen Trance-Irs application&amp#27;[0m
    &amp#27;[36mWhen &amp#27;[0m&amp#27;[36mUser able see Trance-IRS Application Signin Page&amp#27;[0m
    &amp#27;[36mThen &amp#27;[0m&amp#27;[36muser enter valid admin username "<username>"&amp#27;[0m
    &amp#27;[36mThen &amp#27;[0m&amp#27;[36muser enter valid admin password "<password>"&amp#27;[0m
    &amp#27;[36mWhen &amp#27;[0m&amp#27;[36mclick on login button&amp#27;[0m
    &amp#27;[36mThen &amp#27;[0m&amp#27;[36muser succesfully reached to pre-homepage&amp#27;[0m
    &amp#27;[36mWhen &amp#27;[0m&amp#27;[36muser able to see homepage DN process&amp#27;[0m
    &amp#27;[36mThen &amp#27;[0m&amp#27;[36muser able click on DN Workflow&amp#27;[0m
    &amp#27;[36mWhen &amp#27;[0m&amp#27;[36muser succesfully reached to DN Page&amp#27;[0m
    &amp#27;[36mThen &amp#27;[0m&amp#27;[36muser click on manage option on menubar&amp#27;[0m
    &amp#27;[36mAnd &amp#27;[0m&amp#27;[36muser click on call management function&amp#27;[0m
    &amp#27;[36mThen &amp#27;[0m&amp#27;[36muser verify the tiker present or not "<AEE878>"&amp#27;[0m
    &amp#27;[36mAnd &amp#27;[0m&amp#27;[36muser verify the recording is availble or not&amp#27;[0m
    &amp#27;[36mAnd &amp#27;[0m&amp#27;[36muser select the team management&amp#27;[0m
    &amp#27;[36mAnd &amp#27;[0m&amp#27;[36muser select the team for skimmer "<shetty1>"&amp#27;[0m
    &amp#27;[36mAnd &amp#27;[0m&amp#27;[36muser select the team for editor "<shetty2>"&amp#27;[0m
    &amp#27;[36mAnd &amp#27;[0m&amp#27;[36muser select the team for qc "<shetty3>"&amp#27;[0m
    &amp#27;[36mAnd &amp#27;[0m&amp#27;[36muser select the all prority&amp#27;[0m
    &amp#27;[36mThen &amp#27;[0m&amp#27;[36muser able to logout&amp#27;[0m
    &amp#27;[36mThen &amp#27;[0m&amp#27;[36muser able to see signin page&amp#27;[0m

    Examples: 
you are in sign in page
succesfully login
DN Process displaying
succefully reached dn process
ticker is not matched
data is availble

  Scenario Outline: User should lunch the application     &amp#27;[90m# C:/Users/hp/eclipse-workspace/Digital-Nirvana/Trance-Irs/src/main/java/Features/Lunch.feature:27&amp#27;[0m
    &amp#27;[32mGiven &amp#27;[0m&amp#27;[32mopen Trance-Irs application&amp#27;[0m                     &amp#27;[90m# LunchStep.lunchTrance()&amp#27;[0m
    &amp#27;[32mWhen &amp#27;[0m&amp#27;[32mUser able see Trance-IRS Application Signin Page&amp#27;[0m &amp#27;[90m# LunchStep.seeSignPage()&amp#27;[0m
    &amp#27;[32mThen &amp#27;[0m&amp#27;[32muser enter valid admin username "&amp#27;[0m&amp#27;[32m&amp#27;[1mshetty&amp#27;[0m&amp#27;[32m"&amp#27;[0m         &amp#27;[90m# LunchStep.enterUserName(String)&amp#27;[0m
    &amp#27;[32mThen &amp#27;[0m&amp#27;[32muser enter valid admin password "&amp#27;[0m&amp#27;[32m&amp#27;[1mdnis@123&amp#27;[0m&amp#27;[32m"&amp#27;[0m       &amp#27;[90m# LunchStep.enter_Pass(String)&amp#27;[0m
    &amp#27;[32mWhen &amp#27;[0m&amp#27;[32mclick on login button&amp#27;[0m                            &amp#27;[90m# LunchStep.submitLogin()&amp#27;[0m
    &amp#27;[32mThen &amp#27;[0m&amp#27;[32muser succesfully reached to pre-homepage&amp#27;[0m         &amp#27;[90m# LunchStep.succuessfullHomepage()&amp#27;[0m
    &amp#27;[32mWhen &amp#27;[0m&amp#27;[32muser able to see homepage DN process&amp#27;[0m             &amp#27;[90m# LunchStep.seeHomepage()&amp#27;[0m
    &amp#27;[32mThen &amp#27;[0m&amp#27;[32muser able click on DN Workflow&amp#27;[0m                   &amp#27;[90m# LunchStep.clickDn()&amp#27;[0m
    &amp#27;[32mWhen &amp#27;[0m&amp#27;[32muser succesfully reached to DN Page&amp#27;[0m              &amp#27;[90m# LunchStep.welcomeDn()&amp#27;[0m
    &amp#27;[32mThen &amp#27;[0m&amp#27;[32muser click on manage option on menubar&amp#27;[0m           &amp#27;[90m# LunchStep.manage()&amp#27;[0m
    &amp#27;[32mAnd &amp#27;[0m&amp#27;[32muser click on call management function&amp#27;[0m            &amp#27;[90m# LunchStep.call_management()&amp#27;[0m
    &amp#27;[32mThen &amp#27;[0m&amp#27;[32muser verify the tiker present or not "&amp#27;[0m&amp#27;[32m&amp#27;[1m<AEE878>&amp#27;[0m&amp#27;[32m"&amp#27;[0m  &amp#27;[90m# LunchStep.user_verify_the_tiker_present_or_not(String)&amp#27;[0m
    &amp#27;[32mAnd &amp#27;[0m&amp#27;[32muser verify the recording is availble or not&amp#27;[0m      &amp#27;[90m# LunchStep.user_verify_the_recording_is_availble_or_not()&amp#27;[0m
    &amp#27;[32mAnd &amp#27;[0m&amp#27;[32muser select the team management&amp#27;[0m                   &amp#27;[90m# LunchStep.user_select_the_team_management()&amp#27;[0m
    &amp#27;[31mAnd &amp#27;[0m&amp#27;[31muser select the team for skimmer "&amp#27;[0m&amp#27;[31m&amp#27;[1m<shetty1>&amp#27;[0m&amp#27;[31m"&amp#27;[0m      &amp#27;[90m# LunchStep.user_select_the_team_for_skimmer(String)&amp#27;[0m
      &amp#27;[31morg.openqa.selenium.NoSuchElementException: Cannot locate option with value: <shetty1>
      For documentation on this error, please visit: http://seleniumhq.org/exceptions/no_such_element.html
      Build info: version: '3.11.0', revision: 'e59cfb3', time: '2018-03-11T20:26:55.152Z'
      System info: host: 'DESKTOP-8BFIBTM', ip: '192.168.43.53', os.name: 'Windows 10', os.arch: 'amd64', os.version: '10.0', java.version: '1.8.0_281'
      Driver info: driver.version: unknown
      	at org.openqa.selenium.support.ui.Select.selectByValue(Select.java:209)
      	at pages.LunchPage.enterSkimmer(LunchPage.java:130)
      	at stepDefinitions.LunchStep.user_select_the_team_for_skimmer(LunchStep.java:125)
      	at ?.And user select the team for skimmer "<shetty1>"(C:/Users/hp/eclipse-workspace/Digital-Nirvana/Trance-Irs/src/main/java/Features/Lunch.feature:19)
      &amp#27;[0m
    &amp#27;[36mAnd &amp#27;[0m&amp#27;[36muser select the team for editor "&amp#27;[0m&amp#27;[36m&amp#27;[1m<shetty2>&amp#27;[0m&amp#27;[36m"&amp#27;[0m       &amp#27;[90m# LunchStep.user_select_the_team_for_editor(String)&amp#27;[0m
    &amp#27;[36mAnd &amp#27;[0m&amp#27;[36muser select the team for qc "&amp#27;[0m&amp#27;[36m&amp#27;[1m<shetty3>&amp#27;[0m&amp#27;[36m"&amp#27;[0m           &amp#27;[90m# LunchStep.user_select_the_team_for_qc(String)&amp#27;[0m
    &amp#27;[36mAnd &amp#27;[0m&amp#27;[36muser select the all prority&amp#27;[0m                       &amp#27;[90m# LunchStep.user_select_the_all_prority()&amp#27;[0m
    &amp#27;[36mThen &amp#27;[0m&amp#27;[36muser able to logout&amp#27;[0m                              &amp#27;[90m# LunchStep.logout()&amp#27;[0m
    &amp#27;[36mThen &amp#27;[0m&amp#27;[36muser able to see signin page&amp#27;[0m                     &amp#27;[90m# LunchStep.ableToSeeSignPage()&amp#27;[0m
]]></system-out>
    <system-err><![CDATA[Starting ChromeDriver 94.0.4606.61 (418b78f5838ed0b1c69bb4e51ea0252171854915-refs/branch-heads/4606@{#1204}) on port 34615
Only local connections are allowed.
Please see https://chromedriver.chromium.org/security-considerations for suggestions on keeping ChromeDriver safe.
ChromeDriver was started successfully.
Oct 15, 2021 6:12:45 PM org.openqa.selenium.remote.ProtocolHandshake createSession
INFO: Detected dialect: W3C
]]></system-err>
  </testcase>
</testsuite>