<?xml version="1.0" encoding="UTF-8"?>
<testng-results skipped="0" failed="0" ignored="0" total="1" passed="1">
  <reporter-output>
  </reporter-output>
  <suite name="BDD Test Suite" duration-ms="201854" started-at="2021-10-29T06:56:27Z" finished-at="2021-10-29T06:59:49Z">
    <groups>
      <group name="cucumber">
        <method signature="TestRunner.feature(cucumber.api.testng.CucumberFeatureWrapper)[pri:0, instance:MyRunner.TestRunner@737996a0]" name="feature" class="MyRunner.TestRunner"/>
      </group> <!-- cucumber -->
    </groups>
    <test name="Trance-Irs" duration-ms="201854" started-at="2021-10-29T06:56:27Z" finished-at="2021-10-29T06:59:49Z">
      <class name="MyRunner.TestRunner">
        <test-method status="PASS" signature="setUpClass()[pri:0, instance:MyRunner.TestRunner@737996a0]" name="setUpClass" is-config="true" duration-ms="494" started-at="2021-10-29T06:56:27Z" finished-at="2021-10-29T06:56:28Z">
          <reporter-output>
          </reporter-output>
        </test-method> <!-- setUpClass -->
        <test-method status="PASS" signature="feature(cucumber.api.testng.CucumberFeatureWrapper)[pri:0, instance:MyRunner.TestRunner@737996a0]" name="feature" duration-ms="201157" started-at="2021-10-29T06:56:28Z" description="Runs Cucumber Feature" data-provider="features" finished-at="2021-10-29T06:59:49Z">
          <params>
            <param index="0">
              <value>
                <![CDATA[As a Trance user, lunch the application]]>
              </value>
            </param>
          </params>
          <reporter-output>
          </reporter-output>
        </test-method> <!-- feature -->
        <test-method status="PASS" signature="tearDownClass()[pri:0, instance:MyRunner.TestRunner@737996a0]" name="tearDownClass" is-config="true" duration-ms="36" started-at="2021-10-29T06:59:49Z" finished-at="2021-10-29T06:59:49Z">
          <reporter-output>
          </reporter-output>
        </test-method> <!-- tearDownClass -->
      </class> <!-- MyRunner.TestRunner -->
    </test> <!-- Trance-Irs -->
  </suite> <!-- BDD Test Suite -->
</testng-results>
