<?xml version="1.0" encoding="UTF-8"?>
<testng-results ignored="0" total="1" passed="1" failed="0" skipped="0">
  <reporter-output>
  </reporter-output>
  <suite started-at="2021-10-21T17:40:56Z" name="Default suite" finished-at="2021-10-21T17:41:14Z" duration-ms="18288">
    <groups>
      <group name="cucumber">
        <method signature="TestRunner.feature(cucumber.api.testng.CucumberFeatureWrapper)[pri:0, instance:MyRunner.TestRunner@3081f72c]" name="feature" class="MyRunner.TestRunner"/>
      </group> <!-- cucumber -->
    </groups>
    <test started-at="2021-10-21T17:40:56Z" name="Default test" finished-at="2021-10-21T17:41:14Z" duration-ms="18288">
      <class name="MyRunner.TestRunner">
        <test-method is-config="true" signature="setUpClass()[pri:0, instance:MyRunner.TestRunner@3081f72c]" started-at="2021-10-21T17:40:56Z" name="setUpClass" finished-at="2021-10-21T17:40:56Z" duration-ms="464" status="PASS">
          <reporter-output>
          </reporter-output>
        </test-method> <!-- setUpClass -->
        <test-method signature="feature(cucumber.api.testng.CucumberFeatureWrapper)[pri:0, instance:MyRunner.TestRunner@3081f72c]" started-at="2021-10-21T17:40:56Z" name="feature" description="Runs Cucumber Feature" data-provider="features" finished-at="2021-10-21T17:41:14Z" duration-ms="17642" status="PASS">
          <params>
            <param index="0">
              <value>
                <![CDATA[As a trance user, skimmer editing]]>
              </value>
            </param>
          </params>
          <reporter-output>
          </reporter-output>
        </test-method> <!-- feature -->
        <test-method is-config="true" signature="tearDownClass()[pri:0, instance:MyRunner.TestRunner@3081f72c]" started-at="2021-10-21T17:41:14Z" name="tearDownClass" finished-at="2021-10-21T17:41:14Z" duration-ms="27" status="PASS">
          <reporter-output>
          </reporter-output>
        </test-method> <!-- tearDownClass -->
      </class> <!-- MyRunner.TestRunner -->
    </test> <!-- Default test -->
  </suite> <!-- Default suite -->
</testng-results>
